<?xml version="1.0" encoding="UTF-8"?>
<!-- Generated by org.testng.reporters.JUnitReportReporter -->
<testsuite skipped="0" hostname="DESKTOP-32ERK54" name="TC.PUT_UpdateEmpdetails" tests="6" failures="0" timestamp="04 May 2020 11:14:23 GMT" time="0.043" errors="0">
  <testcase name="checkcontentEncoding" time="0.000" classname="TC.PUT_UpdateEmpdetails"/>
  <testcase name="checkContentType" time="0.000" classname="TC.PUT_UpdateEmpdetails"/>
  <testcase name="checkserverType" time="0.000" classname="TC.PUT_UpdateEmpdetails"/>
  <testcase name="checkStatusCode" time="0.015" classname="TC.PUT_UpdateEmpdetails"/>
  <testcase name="checkstatusLine" time="0.016" classname="TC.PUT_UpdateEmpdetails"/>
  <testcase name="checkresponse" time="0.012" classname="TC.PUT_UpdateEmpdetails"/>
</testsuite> <!-- TC.PUT_UpdateEmpdetails -->
