<?xml version="1.0" encoding="UTF-8"?>
<!-- Generated by org.testng.reporters.JUnitReportReporter -->
<testsuite skipped="0" hostname="DESKTOP-32ERK54" name="TC.DELETE_APITesting" tests="6" failures="0" timestamp="04 May 2020 11:14:23 GMT" time="0.050" errors="0">
  <testcase name="checkContentType" time="0.000" classname="TC.DELETE_APITesting"/>
  <testcase name="checkStatusCode" time="0.000" classname="TC.DELETE_APITesting"/>
  <testcase name="checkcontentEncoding" time="0.000" classname="TC.DELETE_APITesting"/>
  <testcase name="checkstatusLine" time="0.031" classname="TC.DELETE_APITesting"/>
  <testcase name="checkresponsebody" time="0.019" classname="TC.DELETE_APITesting"/>
  <testcase name="checkserverType" time="0.000" classname="TC.DELETE_APITesting"/>
</testsuite> <!-- TC.DELETE_APITesting -->
