<?xml version="1.0" encoding="UTF-8"?>
<!-- Generated by org.testng.reporters.JUnitReportReporter -->
<testsuite skipped="0" hostname="DESKTOP-32ERK54" name="TC.Get_API" tests="8" failures="0" timestamp="04 May 2020 11:14:23 GMT" time="0.100" errors="0">
  <testcase name="checkcontentencoding" time="0.006" classname="TC.Get_API"/>
  <testcase name="checkresponsetime" time="0.015" classname="TC.Get_API"/>
  <testcase name="checkstatuscode" time="0.000" classname="TC.Get_API"/>
  <testcase name="checkcontenttype" time="0.000" classname="TC.Get_API"/>
  <testcase name="responsebody" time="0.016" classname="TC.Get_API"/>
  <testcase name="checkstatusline" time="0.063" classname="TC.Get_API"/>
  <testcase name="checkserver" time="0.000" classname="TC.Get_API"/>
  <testcase name="checkcontentlength" time="0.000" classname="TC.Get_API"/>
</testsuite> <!-- TC.Get_API -->
