<?xml version="1.0" encoding="UTF-8"?>
<!-- Generated by org.testng.reporters.JUnitReportReporter -->
<testsuite skipped="0" hostname="DESKTOP-32ERK54" name="TC.GET_Employedetails" tests="8" failures="0" timestamp="04 May 2020 11:14:23 GMT" time="0.196" errors="0">
  <testcase name="checkcontenttype" time="0.000" classname="TC.GET_Employedetails"/>
  <testcase name="checkstatusline" time="0.016" classname="TC.GET_Employedetails"/>
  <testcase name="checkresponse" time="0.141" classname="TC.GET_Employedetails"/>
  <testcase name="checkcontentlength" time="0.000" classname="TC.GET_Employedetails"/>
  <testcase name="checkstatuscode" time="0.000" classname="TC.GET_Employedetails"/>
  <testcase name="checkresponsetime" time="0.000" classname="TC.GET_Employedetails"/>
  <testcase name="checkserver" time="0.032" classname="TC.GET_Employedetails"/>
  <testcase name="checkcontentencoding" time="0.007" classname="TC.GET_Employedetails"/>
</testsuite> <!-- TC.GET_Employedetails -->
