<?xml version="1.0" encoding="UTF-8"?>
<!-- Generated by org.testng.reporters.JUnitReportReporter -->
<testsuite skipped="0" hostname="DESKTOP-32ERK54" name="TC.API_PostempDetails" tests="5" failures="0" timestamp="04 May 2020 11:14:23 GMT" time="0.157" errors="0">
  <testcase name="checkstatusline" time="0.047" classname="TC.API_PostempDetails"/>
  <testcase name="checkcontenttype" time="0.031" classname="TC.API_PostempDetails"/>
  <testcase name="checkstatuscode" time="0.000" classname="TC.API_PostempDetails"/>
  <testcase name="checkserver" time="0.016" classname="TC.API_PostempDetails"/>
  <testcase name="checkresponse" time="0.063" classname="TC.API_PostempDetails"/>
</testsuite> <!-- TC.API_PostempDetails -->
