<?xml version="1.0" encoding="UTF-8"?>
<!-- Generated by org.testng.reporters.JUnitReportReporter -->
<testsuite skipped="0" hostname="DESKTOP-32ERK54" name="TC.API_PostempDetails" tests="5" failures="0" timestamp="2020-05-04T19:15:23 IST" time="0.089" errors="0">
  <testcase name="checkstatusline" time="0.001" classname="TC.API_PostempDetails"/>
  <testcase name="checkresponse" time="0.003" classname="TC.API_PostempDetails"/>
  <testcase name="checkcontenttype" time="0.067" classname="TC.API_PostempDetails"/>
  <testcase name="checkserver" time="0.000" classname="TC.API_PostempDetails"/>
  <testcase name="checkstatuscode" time="0.018" classname="TC.API_PostempDetails"/>
</testsuite> <!-- TC.API_PostempDetails -->
