<?xml version="1.0" encoding="UTF-8"?>
<!-- Generated by org.testng.reporters.JUnitReportReporter -->
<testsuite skipped="0" hostname="DESKTOP-32ERK54" name="TC.Get_API" tests="8" failures="0" timestamp="2020-05-04T19:15:23 IST" time="0.000" errors="0">
  <testcase name="checkcontenttype" time="0.000" classname="TC.Get_API"/>
  <testcase name="checkstatuscode" time="0.000" classname="TC.Get_API"/>
  <testcase name="checkresponsetime" time="0.000" classname="TC.Get_API"/>
  <testcase name="responsebody" time="0.000" classname="TC.Get_API"/>
  <testcase name="checkserver" time="0.000" classname="TC.Get_API"/>
  <testcase name="checkcontentencoding" time="0.000" classname="TC.Get_API"/>
  <testcase name="checkstatusline" time="0.000" classname="TC.Get_API"/>
  <testcase name="checkcontentlength" time="0.000" classname="TC.Get_API"/>
</testsuite> <!-- TC.Get_API -->
