<?xml version="1.0" encoding="UTF-8"?>
<!-- Generated by org.testng.reporters.JUnitReportReporter -->
<testsuite skipped="0" hostname="DESKTOP-32ERK54" name="TC.PUT_UpdateEmpdetails" tests="6" failures="0" timestamp="2020-05-04T19:15:23 IST" time="0.004" errors="0">
  <testcase name="checkStatusCode" time="0.001" classname="TC.PUT_UpdateEmpdetails"/>
  <testcase name="checkserverType" time="0.000" classname="TC.PUT_UpdateEmpdetails"/>
  <testcase name="checkcontentEncoding" time="0.000" classname="TC.PUT_UpdateEmpdetails"/>
  <testcase name="checkstatusLine" time="0.000" classname="TC.PUT_UpdateEmpdetails"/>
  <testcase name="checkresponse" time="0.002" classname="TC.PUT_UpdateEmpdetails"/>
  <testcase name="checkContentType" time="0.001" classname="TC.PUT_UpdateEmpdetails"/>
</testsuite> <!-- TC.PUT_UpdateEmpdetails -->
