<?xml version="1.0" encoding="UTF-8"?>
<!-- Generated by org.testng.reporters.JUnitReportReporter -->
<testsuite skipped="0" hostname="DESKTOP-32ERK54" name="TC.GET_Employedetails" tests="8" failures="0" timestamp="2020-05-04T19:15:23 IST" time="0.010" errors="0">
  <testcase name="checkcontentencoding" time="0.002" classname="TC.GET_Employedetails"/>
  <testcase name="checkcontenttype" time="0.001" classname="TC.GET_Employedetails"/>
  <testcase name="checkserver" time="0.001" classname="TC.GET_Employedetails"/>
  <testcase name="checkstatusline" time="0.001" classname="TC.GET_Employedetails"/>
  <testcase name="checkresponse" time="0.001" classname="TC.GET_Employedetails"/>
  <testcase name="checkresponsetime" time="0.001" classname="TC.GET_Employedetails"/>
  <testcase name="checkcontentlength" time="0.001" classname="TC.GET_Employedetails"/>
  <testcase name="checkstatuscode" time="0.002" classname="TC.GET_Employedetails"/>
</testsuite> <!-- TC.GET_Employedetails -->
