<?xml version="1.0" encoding="UTF-8"?>
<!-- Generated by org.testng.reporters.JUnitReportReporter -->
<testsuite skipped="0" hostname="DESKTOP-32ERK54" name="TC.DELETE_APITesting" tests="6" failures="0" timestamp="2020-05-04T19:15:23 IST" time="0.006" errors="0">
  <testcase name="checkStatusCode" time="0.000" classname="TC.DELETE_APITesting"/>
  <testcase name="checkserverType" time="0.000" classname="TC.DELETE_APITesting"/>
  <testcase name="checkstatusLine" time="0.000" classname="TC.DELETE_APITesting"/>
  <testcase name="checkcontentEncoding" time="0.000" classname="TC.DELETE_APITesting"/>
  <testcase name="checkresponsebody" time="0.002" classname="TC.DELETE_APITesting"/>
  <testcase name="checkContentType" time="0.004" classname="TC.DELETE_APITesting"/>
</testsuite> <!-- TC.DELETE_APITesting -->
